<?xml version="1.0" encoding="UTF-8"?>
<!-- Generated by org.testng.reporters.JUnitXMLReporter -->
<testsuite hostname="DESKTOP-TU76DCC" ignored="0" name="Delete Contact" tests="1" failures="1" timestamp="26 Jul 2018 03:28:58 GMT" time="63.519" errors="0">
  <testcase name="deletecontactTest" time="62.811" classname="SystemMailTracking.testcases.SystemEmails.deletecontact">
    <failure type="java.lang.reflect.InvocationTargetException">
      <![CDATA[java.lang.reflect.InvocationTargetException
at SystemMailTracking.driver.DriverScript.executeKeywords(DriverScript.java:49)
at SystemMailTracking.testcases.SystemEmails.deletecontact.deletecontactTest(deletecontact.java:23)
Caused by: java.lang.AssertionError: The following asserts failed:
Object Not Found DeleteContact_xpath,
Failed to delete the contact
at SystemMailTracking.keywords.GenericKeywords.reportFailure(GenericKeywords.java:362)
at SystemMailTracking.keywords.AppKeywords.deletecontact(AppKeywords.java:612)
... 32 more
... Removed 31 stack frames]]>
    </failure>
  </testcase> <!-- deletecontactTest -->
</testsuite> <!-- Delete Contact -->
