<?xml version="1.0" encoding="UTF-8"?>
<!-- Generated by org.testng.reporters.JUnitXMLReporter -->
<testsuite hostname="DESKTOP-TU76DCC" ignored="0" name="Resend Optin Email" tests="1" failures="1" timestamp="26 Jul 2018 03:25:55 GMT" time="55.086" errors="0">
  <testcase name="ReoptinEmail" time="54.404" classname="SystemMailTracking.testcases.SystemEmails.ReoptinEmailTest">
    <failure type="java.lang.reflect.InvocationTargetException">
      <![CDATA[java.lang.reflect.InvocationTargetException
at SystemMailTracking.driver.DriverScript.executeKeywords(DriverScript.java:49)
at SystemMailTracking.testcases.SystemEmails.ReoptinEmailTest.ReoptinEmail(ReoptinEmailTest.java:27)
Caused by: java.lang.AssertionError: The following asserts failed:
Failed to search the newly added contact
at SystemMailTracking.keywords.GenericKeywords.reportFailure(GenericKeywords.java:362)
at SystemMailTracking.keywords.AppKeywords.VerifyReOptinEmail(AppKeywords.java:445)
... 32 more
... Removed 31 stack frames]]>
    </failure>
  </testcase> <!-- ReoptinEmail -->
</testsuite> <!-- Resend Optin Email -->
